This file contains any messages produced by compilers while
running configure, to aid debugging if configure makes a mistake.

It was created by seq24 configure 0.9.1, which was
generated by GNU Autoconf 2.63.  Invocation command line was

  $ ./configure --prefix=/usr

## --------- ##
## Platform. ##
## --------- ##

hostname = SCSon
uname -m = x86_64
uname -r = 2.6.39.3-scstage-softirq
uname -s = Linux
uname -v = #1 SMP PREEMPT Wed Aug 3 13:30:27 CEST 2011

/usr/bin/uname -p = unknown
/bin/uname -X     = unknown

/bin/arch              = unknown
/usr/bin/arch -k       = unknown
/usr/convex/getsysinfo = unknown
/usr/bin/hostinfo      = unknown
/bin/machine           = unknown
/usr/bin/oslevel       = unknown
/bin/universe          = unknown

PATH: /usr/local/bin
PATH: /usr/bin
PATH: /bin
PATH: /usr/games


## ----------- ##
## Core tests. ##
## ----------- ##

configure:1926: checking for a BSD-compatible install
configure:1994: result: /usr/bin/install -c
configure:2005: checking whether build environment is sane
configure:2048: result: yes
configure:2073: checking for a thread-safe mkdir -p
configure:2112: result: /bin/mkdir -p
configure:2125: checking for gawk
configure:2141: found /usr/bin/gawk
configure:2152: result: gawk
configure:2163: checking whether make sets $(MAKE)
configure:2185: result: yes
configure:2380: checking for gawk
configure:2407: result: gawk
configure:2466: checking for gcc
configure:2482: found /usr/bin/gcc
configure:2493: result: gcc
configure:2725: checking for C compiler version
configure:2733: gcc --version >&5
gcc (Debian 4.4.5-8) 4.4.5
Copyright (C) 2010 Free Software Foundation, Inc.
This is free software; see the source for copying conditions.  There is NO
warranty; not even for MERCHANTABILITY or FITNESS FOR A PARTICULAR PURPOSE.

configure:2737: $? = 0
configure:2744: gcc -v >&5
Using built-in specs.
Target: x86_64-linux-gnu
Configured with: ../src/configure -v --with-pkgversion='Debian 4.4.5-8' --with-bugurl=file:///usr/share/doc/gcc-4.4/README.Bugs --enable-languages=c,c++,fortran,objc,obj-c++ --prefix=/usr --program-suffix=-4.4 --enable-shared --enable-multiarch --enable-linker-build-id --with-system-zlib --libexecdir=/usr/lib --without-included-gettext --enable-threads=posix --with-gxx-include-dir=/usr/include/c++/4.4 --libdir=/usr/lib --enable-nls --enable-clocale=gnu --enable-libstdcxx-debug --enable-objc-gc --with-arch-32=i586 --with-tune=generic --enable-checking=release --build=x86_64-linux-gnu --host=x86_64-linux-gnu --target=x86_64-linux-gnu
Thread model: posix
gcc version 4.4.5 (Debian 4.4.5-8) 
configure:2748: $? = 0
configure:2755: gcc -V >&5
gcc: '-V' option must have argument
configure:2759: $? = 1
configure:2782: checking for C compiler default output file name
configure:2804: gcc    conftest.c  >&5
configure:2808: $? = 0
configure:2846: result: a.out
configure:2865: checking whether the C compiler works
configure:2875: ./a.out
configure:2879: $? = 0
configure:2898: result: yes
configure:2905: checking whether we are cross compiling
configure:2907: result: no
configure:2910: checking for suffix of executables
configure:2917: gcc -o conftest    conftest.c  >&5
configure:2921: $? = 0
configure:2947: result: 
configure:2953: checking for suffix of object files
configure:2979: gcc -c   conftest.c >&5
configure:2983: $? = 0
configure:3008: result: o
configure:3012: checking whether we are using the GNU C compiler
configure:3041: gcc -c   conftest.c >&5
configure:3048: $? = 0
configure:3065: result: yes
configure:3074: checking whether gcc accepts -g
configure:3104: gcc -c -g  conftest.c >&5
configure:3111: $? = 0
configure:3212: result: yes
configure:3229: checking for gcc option to accept ISO C89
configure:3303: gcc  -c -g -O2  conftest.c >&5
configure:3310: $? = 0
configure:3333: result: none needed
configure:3362: checking for style of include used by make
configure:3390: result: GNU
configure:3415: checking dependency style of gcc
configure:3506: result: gcc3
configure:3579: checking for g++
configure:3595: found /usr/bin/g++
configure:3606: result: g++
configure:3633: checking for C++ compiler version
configure:3641: g++ --version >&5
g++ (Debian 4.4.5-8) 4.4.5
Copyright (C) 2010 Free Software Foundation, Inc.
This is free software; see the source for copying conditions.  There is NO
warranty; not even for MERCHANTABILITY or FITNESS FOR A PARTICULAR PURPOSE.

configure:3645: $? = 0
configure:3652: g++ -v >&5
Using built-in specs.
Target: x86_64-linux-gnu
Configured with: ../src/configure -v --with-pkgversion='Debian 4.4.5-8' --with-bugurl=file:///usr/share/doc/gcc-4.4/README.Bugs --enable-languages=c,c++,fortran,objc,obj-c++ --prefix=/usr --program-suffix=-4.4 --enable-shared --enable-multiarch --enable-linker-build-id --with-system-zlib --libexecdir=/usr/lib --without-included-gettext --enable-threads=posix --with-gxx-include-dir=/usr/include/c++/4.4 --libdir=/usr/lib --enable-nls --enable-clocale=gnu --enable-libstdcxx-debug --enable-objc-gc --with-arch-32=i586 --with-tune=generic --enable-checking=release --build=x86_64-linux-gnu --host=x86_64-linux-gnu --target=x86_64-linux-gnu
Thread model: posix
gcc version 4.4.5 (Debian 4.4.5-8) 
configure:3656: $? = 0
configure:3663: g++ -V >&5
g++: '-V' option must have argument
configure:3667: $? = 1
configure:3670: checking whether we are using the GNU C++ compiler
configure:3699: g++ -c   conftest.cpp >&5
configure:3706: $? = 0
configure:3723: result: yes
configure:3732: checking whether g++ accepts -g
configure:3762: g++ -c -g  conftest.cpp >&5
configure:3769: $? = 0
configure:3870: result: yes
configure:3895: checking dependency style of g++
configure:3986: result: gcc3
configure:4015: checking for a BSD-compatible install
configure:4083: result: /usr/bin/install -c
configure:4094: checking whether ln -s works
configure:4098: result: yes
configure:4106: checking if --as-needed works
configure:4150: gcc -o conftest -g -O2  -Wl,--as-needed conftest.c  >&5
configure:4157: $? = 0
configure:4179: result: yes
configure:4188: checking for main in -lrt
configure:4217: gcc -o conftest -g -O2   -Wl,--as-needed conftest.c -lrt   >&5
configure:4224: $? = 0
configure:4245: result: yes
configure:4261: checking for _init in -lgtkmm-2.4
configure:4296: gcc -o conftest -g -O2   -Wl,--as-needed conftest.c -lgtkmm-2.4  -lrt  >&5
configure:4303: $? = 0
configure:4324: result: yes
configure:4340: checking for main in -lsigc-2.0
configure:4369: gcc -o conftest -g -O2   -Wl,--as-needed conftest.c -lsigc-2.0  -lgtkmm-2.4 -lrt  >&5
configure:4376: $? = 0
configure:4397: result: yes
configure:4413: checking for snd_pcm_open in -lasound
configure:4448: gcc -o conftest -g -O2   -Wl,--as-needed conftest.c -lasound  -lsigc-2.0 -lgtkmm-2.4 -lrt  >&5
configure:4455: $? = 0
configure:4476: result: yes
configure:4497: checking how to run the C preprocessor
configure:4537: gcc -E  conftest.c
configure:4544: $? = 0
configure:4575: gcc -E  conftest.c
conftest.c:15:28: error: ac_nonexistent.h: No such file or directory
configure:4582: $? = 1
configure: failed program was:
| /* confdefs.h.  */
| #define PACKAGE_NAME "seq24"
| #define PACKAGE_TARNAME "seq24"
| #define PACKAGE_VERSION "0.9.1"
| #define PACKAGE_STRING "seq24 0.9.1"
| #define PACKAGE_BUGREPORT "seq24-devel@lists.sourceforge.net"
| #define PACKAGE "seq24"
| #define VERSION "0.9.1"
| #define _GNU_SOURCE 1
| #define HAVE_LIBRT 1
| #define HAVE_LIBGTKMM_2_4 1
| #define HAVE_LIBSIGC_2_0 1
| #define HAVE_LIBASOUND 1
| /* end confdefs.h.  */
| #include <ac_nonexistent.h>
configure:4615: result: gcc -E
configure:4644: gcc -E  conftest.c
configure:4651: $? = 0
configure:4682: gcc -E  conftest.c
conftest.c:15:28: error: ac_nonexistent.h: No such file or directory
configure:4689: $? = 1
configure: failed program was:
| /* confdefs.h.  */
| #define PACKAGE_NAME "seq24"
| #define PACKAGE_TARNAME "seq24"
| #define PACKAGE_VERSION "0.9.1"
| #define PACKAGE_STRING "seq24 0.9.1"
| #define PACKAGE_BUGREPORT "seq24-devel@lists.sourceforge.net"
| #define PACKAGE "seq24"
| #define VERSION "0.9.1"
| #define _GNU_SOURCE 1
| #define HAVE_LIBRT 1
| #define HAVE_LIBGTKMM_2_4 1
| #define HAVE_LIBSIGC_2_0 1
| #define HAVE_LIBASOUND 1
| /* end confdefs.h.  */
| #include <ac_nonexistent.h>
configure:4729: checking for grep that handles long lines and -e
configure:4789: result: /bin/grep
configure:4794: checking for egrep
configure:4858: result: /bin/grep -E
configure:4863: checking for ANSI C header files
configure:4893: gcc -c -g -O2  conftest.c >&5
configure:4900: $? = 0
configure:4999: gcc -o conftest -g -O2   -Wl,--as-needed conftest.c -lasound -lsigc-2.0 -lgtkmm-2.4 -lrt  >&5
configure:5003: $? = 0
configure:5009: ./conftest
configure:5013: $? = 0
configure:5031: result: yes
configure:5055: checking for sys/types.h
configure:5076: gcc -c -g -O2  conftest.c >&5
configure:5083: $? = 0
configure:5100: result: yes
configure:5055: checking for sys/stat.h
configure:5076: gcc -c -g -O2  conftest.c >&5
configure:5083: $? = 0
configure:5100: result: yes
configure:5055: checking for stdlib.h
configure:5076: gcc -c -g -O2  conftest.c >&5
configure:5083: $? = 0
configure:5100: result: yes
configure:5055: checking for string.h
configure:5076: gcc -c -g -O2  conftest.c >&5
configure:5083: $? = 0
configure:5100: result: yes
configure:5055: checking for memory.h
configure:5076: gcc -c -g -O2  conftest.c >&5
configure:5083: $? = 0
configure:5100: result: yes
configure:5055: checking for strings.h
configure:5076: gcc -c -g -O2  conftest.c >&5
configure:5083: $? = 0
configure:5100: result: yes
configure:5055: checking for inttypes.h
configure:5076: gcc -c -g -O2  conftest.c >&5
configure:5083: $? = 0
configure:5100: result: yes
configure:5055: checking for stdint.h
configure:5076: gcc -c -g -O2  conftest.c >&5
configure:5083: $? = 0
configure:5100: result: yes
configure:5055: checking for unistd.h
configure:5076: gcc -c -g -O2  conftest.c >&5
configure:5083: $? = 0
configure:5100: result: yes
configure:5119: checking for unistd.h
configure:5126: result: yes
configure:5266: checking for an ANSI C-conforming const
configure:5341: gcc -c -g -O2  conftest.c >&5
configure:5348: $? = 0
configure:5363: result: yes
configure:5378: checking for select
configure:5434: gcc -o conftest -g -O2   -Wl,--as-needed conftest.c -lasound -lsigc-2.0 -lgtkmm-2.4 -lrt  >&5
configure:5441: $? = 0
configure:5463: result: yes
configure:5507: checking for ALSA CFLAGS
configure:5513: result: 
configure:5516: checking for ALSA LDFLAGS
configure:5525: result:  -lasound -lm -ldl -lpthread
configure:5529: checking for libasound headers version >= 0.9.0
configure:5601: gcc -c -g -O2  conftest.c >&5
configure:5608: $? = 0
configure:5613: result: found.
configure:5638: checking for snd_ctl_open in -lasound
configure:5673: gcc -o conftest -g -O2   -Wl,--as-needed conftest.c -lasound   -lasound -lm -ldl -lpthread -lasound -lsigc-2.0 -lgtkmm-2.4 -lrt  >&5
configure:5680: $? = 0
configure:5701: result: yes
configure:5790: checking for pkg-config
configure:5808: found /usr/bin/pkg-config
configure:5820: result: /usr/bin/pkg-config
configure:5845: checking pkg-config is at least version 0.9.0
configure:5848: result: yes
configure:5859: checking for GTKMM
configure:5867: $PKG_CONFIG --exists --print-errors "gtkmm-2.4 >= 2.4.0"
configure:5870: $? = 0
configure:5885: $PKG_CONFIG --exists --print-errors "gtkmm-2.4 >= 2.4.0"
configure:5888: $? = 0
configure:5966: result: yes
configure:5986: checking for JACK
configure:5994: $PKG_CONFIG --exists --print-errors "jack >= 0.90.0"
configure:5997: $? = 0
configure:6012: $PKG_CONFIG --exists --print-errors "jack >= 0.90.0"
configure:6015: $? = 0
configure:6051: result: yes
configure:6085: checking for LASH
configure:6093: $PKG_CONFIG --exists --print-errors "lash-1.0 >= 0.5.0"
Package lash-1.0 was not found in the pkg-config search path.
Perhaps you should add the directory containing `lash-1.0.pc'
to the PKG_CONFIG_PATH environment variable
No package 'lash-1.0' found
configure:6096: $? = 1
configure:6111: $PKG_CONFIG --exists --print-errors "lash-1.0 >= 0.5.0"
Package lash-1.0 was not found in the pkg-config search path.
Perhaps you should add the directory containing `lash-1.0.pc'
to the PKG_CONFIG_PATH environment variable
No package 'lash-1.0' found
configure:6114: $? = 1
No package 'lash-1.0' found
configure:6142: result: no
configure:6163: WARNING:  *** LASH not found, session support will not be built.
configure:6297: creating ./config.status

## ---------------------- ##
## Running config.status. ##
## ---------------------- ##

This file was extended by seq24 config.status 0.9.1, which was
generated by GNU Autoconf 2.63.  Invocation command line was

  CONFIG_FILES    = 
  CONFIG_HEADERS  = 
  CONFIG_LINKS    = 
  CONFIG_COMMANDS = 
  $ ./config.status 

on SCSon

config.status:803: creating Makefile
config.status:803: creating man/Makefile
config.status:803: creating src/Makefile
config.status:803: creating src/config.h
config.status:1025: src/config.h is unchanged
config.status:1077: executing depfiles commands

## ---------------- ##
## Cache variables. ##
## ---------------- ##

ac_cv_c_compiler_gnu=yes
ac_cv_c_const=yes
ac_cv_cxx_compiler_gnu=yes
ac_cv_env_CCC_set=
ac_cv_env_CCC_value=
ac_cv_env_CC_set=
ac_cv_env_CC_value=
ac_cv_env_CFLAGS_set=
ac_cv_env_CFLAGS_value=
ac_cv_env_CPPFLAGS_set=
ac_cv_env_CPPFLAGS_value=
ac_cv_env_CPP_set=
ac_cv_env_CPP_value=
ac_cv_env_CXXFLAGS_set=
ac_cv_env_CXXFLAGS_value=
ac_cv_env_CXX_set=
ac_cv_env_CXX_value=
ac_cv_env_GTKMM_CFLAGS_set=
ac_cv_env_GTKMM_CFLAGS_value=
ac_cv_env_GTKMM_LIBS_set=
ac_cv_env_GTKMM_LIBS_value=
ac_cv_env_JACK_CFLAGS_set=
ac_cv_env_JACK_CFLAGS_value=
ac_cv_env_JACK_LIBS_set=
ac_cv_env_JACK_LIBS_value=
ac_cv_env_LASH_CFLAGS_set=
ac_cv_env_LASH_CFLAGS_value=
ac_cv_env_LASH_LIBS_set=
ac_cv_env_LASH_LIBS_value=
ac_cv_env_LDFLAGS_set=
ac_cv_env_LDFLAGS_value=
ac_cv_env_LIBS_set=
ac_cv_env_LIBS_value=
ac_cv_env_PKG_CONFIG_set=
ac_cv_env_PKG_CONFIG_value=
ac_cv_env_build_alias_set=
ac_cv_env_build_alias_value=
ac_cv_env_host_alias_set=
ac_cv_env_host_alias_value=
ac_cv_env_target_alias_set=
ac_cv_env_target_alias_value=
ac_cv_func_select=yes
ac_cv_header_inttypes_h=yes
ac_cv_header_memory_h=yes
ac_cv_header_stdc=yes
ac_cv_header_stdint_h=yes
ac_cv_header_stdlib_h=yes
ac_cv_header_string_h=yes
ac_cv_header_strings_h=yes
ac_cv_header_sys_stat_h=yes
ac_cv_header_sys_types_h=yes
ac_cv_header_unistd_h=yes
ac_cv_lib_asound_snd_ctl_open=yes
ac_cv_lib_asound_snd_pcm_open=yes
ac_cv_lib_gtkmm_2_4__init=yes
ac_cv_lib_rt_main=yes
ac_cv_lib_sigc_2_0_main=yes
ac_cv_objext=o
ac_cv_path_EGREP='/bin/grep -E'
ac_cv_path_GREP=/bin/grep
ac_cv_path_ac_pt_PKG_CONFIG=/usr/bin/pkg-config
ac_cv_path_install='/usr/bin/install -c'
ac_cv_path_mkdir=/bin/mkdir
ac_cv_prog_AWK=gawk
ac_cv_prog_CPP='gcc -E'
ac_cv_prog_ac_ct_CC=gcc
ac_cv_prog_ac_ct_CXX=g++
ac_cv_prog_cc_c89=
ac_cv_prog_cc_g=yes
ac_cv_prog_cxx_g=yes
ac_cv_prog_make_make_set=yes
am_cv_CC_dependencies_compiler_type=gcc3
am_cv_CXX_dependencies_compiler_type=gcc3
pkg_cv_GTKMM_CFLAGS='-pthread -D_REENTRANT -I/usr/include/gtkmm-2.4 -I/usr/lib/gtkmm-2.4/include -I/usr/include/giomm-2.4 -I/usr/lib/giomm-2.4/include -I/usr/include/pangomm-1.4 -I/usr/lib/pangomm-1.4/include -I/usr/include/gtk-2.0 -I/usr/include/gtk-unix-print-2.0 -I/usr/include/atkmm-1.6 -I/usr/include/gdkmm-2.4 -I/usr/lib/gdkmm-2.4/include -I/usr/include/glibmm-2.4 -I/usr/lib/glibmm-2.4/include -I/usr/include/glib-2.0 -I/usr/lib/glib-2.0/include -I/usr/include/sigc++-2.0 -I/usr/lib/sigc++-2.0/include -I/usr/include/cairomm-1.0 -I/usr/lib/cairomm-1.0/include -I/usr/include/pango-1.0 -I/usr/include/cairo -I/usr/include/pixman-1 -I/usr/include/freetype2 -I/usr/include/directfb -I/usr/include/libpng12 -I/usr/lib/gtk-2.0/include -I/usr/include/atk-1.0 -I/usr/include/gio-unix-2.0/  '
pkg_cv_GTKMM_LIBS='-pthread -lgtkmm-2.4 -latkmm-1.6 -lgdkmm-2.4 -lgiomm-2.4 -lpangomm-1.4 -lgtk-x11-2.0 -lglibmm-2.4 -lcairomm-1.0 -lsigc-2.0 -lgdk-x11-2.0 -latk-1.0 -lpangoft2-1.0 -lgdk_pixbuf-2.0 -lm -lpangocairo-1.0 -lcairo -lgio-2.0 -lpango-1.0 -lfreetype -lfontconfig -lgobject-2.0 -lgmodule-2.0 -lgthread-2.0 -lrt -lglib-2.0  '
pkg_cv_JACK_CFLAGS=' '
pkg_cv_JACK_LIBS='-ljack  '

## ----------------- ##
## Output variables. ##
## ----------------- ##

ACLOCAL='${SHELL} /usr/src/seq24/seq24-bzr-trunk-ORL_bunchofpatches/trunk/missing --run aclocal-1.10'
ALSA_CFLAGS=''
ALSA_LIBS=' -lasound -lm -ldl -lpthread'
AMDEPBACKSLASH='\'
AMDEP_FALSE='#'
AMDEP_TRUE=''
AMTAR='${SHELL} /usr/src/seq24/seq24-bzr-trunk-ORL_bunchofpatches/trunk/missing --run tar'
AUTOCONF='${SHELL} /usr/src/seq24/seq24-bzr-trunk-ORL_bunchofpatches/trunk/missing --run autoconf'
AUTOHEADER='${SHELL} /usr/src/seq24/seq24-bzr-trunk-ORL_bunchofpatches/trunk/missing --run autoheader'
AUTOMAKE='${SHELL} /usr/src/seq24/seq24-bzr-trunk-ORL_bunchofpatches/trunk/missing --run automake-1.10'
AWK='gawk'
CC='gcc'
CCDEPMODE='depmode=gcc3'
CFLAGS='-g -O2'
CPP='gcc -E'
CPPFLAGS=''
CXX='g++'
CXXDEPMODE='depmode=gcc3'
CXXFLAGS='-g -O2'
CYGPATH_W='echo'
DEFS='-DHAVE_CONFIG_H'
DEPDIR='.deps'
ECHO_C=''
ECHO_N='-n'
ECHO_T=''
EGREP='/bin/grep -E'
EXEEXT=''
GREP='/bin/grep'
GTKMM_CFLAGS='-pthread -D_REENTRANT -I/usr/include/gtkmm-2.4 -I/usr/lib/gtkmm-2.4/include -I/usr/include/giomm-2.4 -I/usr/lib/giomm-2.4/include -I/usr/include/pangomm-1.4 -I/usr/lib/pangomm-1.4/include -I/usr/include/gtk-2.0 -I/usr/include/gtk-unix-print-2.0 -I/usr/include/atkmm-1.6 -I/usr/include/gdkmm-2.4 -I/usr/lib/gdkmm-2.4/include -I/usr/include/glibmm-2.4 -I/usr/lib/glibmm-2.4/include -I/usr/include/glib-2.0 -I/usr/lib/glib-2.0/include -I/usr/include/sigc++-2.0 -I/usr/lib/sigc++-2.0/include -I/usr/include/cairomm-1.0 -I/usr/lib/cairomm-1.0/include -I/usr/include/pango-1.0 -I/usr/include/cairo -I/usr/include/pixman-1 -I/usr/include/freetype2 -I/usr/include/directfb -I/usr/include/libpng12 -I/usr/lib/gtk-2.0/include -I/usr/include/atk-1.0 -I/usr/include/gio-unix-2.0/  '
GTKMM_LIBS='-pthread -lgtkmm-2.4 -latkmm-1.6 -lgdkmm-2.4 -lgiomm-2.4 -lpangomm-1.4 -lgtk-x11-2.0 -lglibmm-2.4 -lcairomm-1.0 -lsigc-2.0 -lgdk-x11-2.0 -latk-1.0 -lpangoft2-1.0 -lgdk_pixbuf-2.0 -lm -lpangocairo-1.0 -lcairo -lgio-2.0 -lpango-1.0 -lfreetype -lfontconfig -lgobject-2.0 -lgmodule-2.0 -lgthread-2.0 -lrt -lglib-2.0  '
INSTALL_DATA='${INSTALL} -m 644'
INSTALL_PROGRAM='${INSTALL}'
INSTALL_SCRIPT='${INSTALL}'
INSTALL_STRIP_PROGRAM='$(install_sh) -c -s'
JACK_CFLAGS=' '
JACK_LIBS='-ljack  '
LASH_CFLAGS=''
LASH_LIBS=''
LDFLAGS=' -Wl,--as-needed'
LIBOBJS=''
LIBS='-lasound -lm -ldl -lpthread -lsigc-2.0 -lgtkmm-2.4 -lrt'
LN_S='ln -s'
LTLIBOBJS=''
MAKEINFO='${SHELL} /usr/src/seq24/seq24-bzr-trunk-ORL_bunchofpatches/trunk/missing --run makeinfo'
MKDIR_P='/bin/mkdir -p'
OBJEXT='o'
PACKAGE='seq24'
PACKAGE_BUGREPORT='seq24-devel@lists.sourceforge.net'
PACKAGE_NAME='seq24'
PACKAGE_STRING='seq24 0.9.1'
PACKAGE_TARNAME='seq24'
PACKAGE_VERSION='0.9.1'
PATH_SEPARATOR=':'
PKG_CONFIG='/usr/bin/pkg-config'
SET_MAKE=''
SHELL='/bin/sh'
STRIP=''
VERSION='0.9.1'
ac_ct_CC='gcc'
ac_ct_CXX='g++'
am__fastdepCC_FALSE='#'
am__fastdepCC_TRUE=''
am__fastdepCXX_FALSE='#'
am__fastdepCXX_TRUE=''
am__include='include'
am__isrc=''
am__leading_dot='.'
am__quote=''
am__tar='${AMTAR} chof - "$$tardir"'
am__untar='${AMTAR} xf -'
bindir='${exec_prefix}/bin'
build_alias=''
datadir='${datarootdir}'
datarootdir='${prefix}/share'
docdir='${datarootdir}/doc/${PACKAGE_TARNAME}'
dvidir='${docdir}'
exec_prefix='${prefix}'
host_alias=''
htmldir='${docdir}'
includedir='${prefix}/include'
infodir='${datarootdir}/info'
install_sh='$(SHELL) /usr/src/seq24/seq24-bzr-trunk-ORL_bunchofpatches/trunk/install-sh'
libdir='${exec_prefix}/lib'
libexecdir='${exec_prefix}/libexec'
localedir='${datarootdir}/locale'
localstatedir='${prefix}/var'
mandir='${datarootdir}/man'
mkdir_p='/bin/mkdir -p'
oldincludedir='/usr/include'
pdfdir='${docdir}'
prefix='/usr'
program_transform_name='s,x,x,'
psdir='${docdir}'
sbindir='${exec_prefix}/sbin'
sharedstatedir='${prefix}/com'
sysconfdir='${prefix}/etc'
target_alias=''

## ----------- ##
## confdefs.h. ##
## ----------- ##

#define PACKAGE_NAME "seq24"
#define PACKAGE_TARNAME "seq24"
#define PACKAGE_VERSION "0.9.1"
#define PACKAGE_STRING "seq24 0.9.1"
#define PACKAGE_BUGREPORT "seq24-devel@lists.sourceforge.net"
#define PACKAGE "seq24"
#define VERSION "0.9.1"
#define _GNU_SOURCE 1
#define HAVE_LIBRT 1
#define HAVE_LIBGTKMM_2_4 1
#define HAVE_LIBSIGC_2_0 1
#define HAVE_LIBASOUND 1
#define STDC_HEADERS 1
#define HAVE_SYS_TYPES_H 1
#define HAVE_SYS_STAT_H 1
#define HAVE_STDLIB_H 1
#define HAVE_STRING_H 1
#define HAVE_MEMORY_H 1
#define HAVE_STRINGS_H 1
#define HAVE_INTTYPES_H 1
#define HAVE_STDINT_H 1
#define HAVE_UNISTD_H 1
#define HAVE_UNISTD_H 1
#define HAVE_SELECT 1
#define HAVE_LIBASOUND 1
#define JACK_SUPPORT 1

configure: exit 0
