This file contains any messages produced by compilers while
running configure, to aid debugging if configure makes a mistake.

It was created by seq24 configure 0.9.0, which was
generated by GNU Autoconf 2.61.  Invocation command line was

  $ ./configure 

## --------- ##
## Platform. ##
## --------- ##

hostname = SCstage
uname -m = x86_64
uname -r = 2.6.29.1-rt7-scstage
uname -s = Linux
uname -v = #1 SMP PREEMPT RT Thu Apr 16 17:55:08 CEST 2009

/usr/bin/uname -p = unknown
/bin/uname -X     = unknown

/bin/arch              = unknown
/usr/bin/arch -k       = unknown
/usr/convex/getsysinfo = unknown
/usr/bin/hostinfo      = unknown
/bin/machine           = unknown
/usr/bin/oslevel       = unknown
/bin/universe          = unknown

PATH: /usr/local/sbin
PATH: /usr/local/bin
PATH: /usr/sbin
PATH: /usr/bin
PATH: /sbin
PATH: /bin


## ----------- ##
## Core tests. ##
## ----------- ##

configure:1823: checking for a BSD-compatible install
configure:1879: result: /usr/bin/install -c
configure:1890: checking whether build environment is sane
configure:1933: result: yes
configure:1961: checking for a thread-safe mkdir -p
configure:2000: result: /bin/mkdir -p
configure:2013: checking for gawk
configure:2029: found /usr/bin/gawk
configure:2040: result: gawk
configure:2051: checking whether make sets $(MAKE)
configure:2072: result: yes
configure:2271: checking for gawk
configure:2298: result: gawk
configure:2357: checking for gcc
configure:2373: found /usr/bin/gcc
configure:2384: result: gcc
configure:2622: checking for C compiler version
configure:2629: gcc --version >&5
gcc (Debian 4.3.3-3) 4.3.3
Copyright (C) 2008 Free Software Foundation, Inc.
This is free software; see the source for copying conditions.  There is NO
warranty; not even for MERCHANTABILITY or FITNESS FOR A PARTICULAR PURPOSE.

configure:2632: $? = 0
configure:2639: gcc -v >&5
Using built-in specs.
Target: x86_64-linux-gnu
Configured with: ../src/configure -v --with-pkgversion='Debian 4.3.3-3' --with-bugurl=file:///usr/share/doc/gcc-4.3/README.Bugs --enable-languages=c,c++,fortran,objc,obj-c++ --prefix=/usr --enable-shared --with-system-zlib --libexecdir=/usr/lib --without-included-gettext --enable-threads=posix --enable-nls --with-gxx-include-dir=/usr/include/c++/4.3 --program-suffix=-4.3 --enable-clocale=gnu --enable-libstdcxx-debug --enable-objc-gc --enable-mpfr --enable-cld --with-tune=generic --enable-checking=release --build=x86_64-linux-gnu --host=x86_64-linux-gnu --target=x86_64-linux-gnu
Thread model: posix
gcc version 4.3.3 (Debian 4.3.3-3) 
configure:2642: $? = 0
configure:2649: gcc -V >&5
gcc: '-V' option must have argument
configure:2652: $? = 1
configure:2675: checking for C compiler default output file name
configure:2702: gcc    conftest.c  >&5
configure:2705: $? = 0
configure:2743: result: a.out
configure:2760: checking whether the C compiler works
configure:2770: ./a.out
configure:2773: $? = 0
configure:2790: result: yes
configure:2797: checking whether we are cross compiling
configure:2799: result: no
configure:2802: checking for suffix of executables
configure:2809: gcc -o conftest    conftest.c  >&5
configure:2812: $? = 0
configure:2836: result: 
configure:2842: checking for suffix of object files
configure:2868: gcc -c   conftest.c >&5
configure:2871: $? = 0
configure:2894: result: o
configure:2898: checking whether we are using the GNU C compiler
configure:2927: gcc -c   conftest.c >&5
configure:2933: $? = 0
configure:2950: result: yes
configure:2955: checking whether gcc accepts -g
configure:2985: gcc -c -g  conftest.c >&5
configure:2991: $? = 0
configure:3090: result: yes
configure:3107: checking for gcc option to accept ISO C89
configure:3181: gcc  -c -g -O2  conftest.c >&5
configure:3187: $? = 0
configure:3210: result: none needed
configure:3239: checking for style of include used by make
configure:3267: result: GNU
configure:3292: checking dependency style of gcc
configure:3383: result: gcc3
configure:3456: checking for g++
configure:3472: found /usr/bin/g++
configure:3483: result: g++
configure:3514: checking for C++ compiler version
configure:3521: g++ --version >&5
g++ (Debian 4.3.3-3) 4.3.3
Copyright (C) 2008 Free Software Foundation, Inc.
This is free software; see the source for copying conditions.  There is NO
warranty; not even for MERCHANTABILITY or FITNESS FOR A PARTICULAR PURPOSE.

configure:3524: $? = 0
configure:3531: g++ -v >&5
Using built-in specs.
Target: x86_64-linux-gnu
Configured with: ../src/configure -v --with-pkgversion='Debian 4.3.3-3' --with-bugurl=file:///usr/share/doc/gcc-4.3/README.Bugs --enable-languages=c,c++,fortran,objc,obj-c++ --prefix=/usr --enable-shared --with-system-zlib --libexecdir=/usr/lib --without-included-gettext --enable-threads=posix --enable-nls --with-gxx-include-dir=/usr/include/c++/4.3 --program-suffix=-4.3 --enable-clocale=gnu --enable-libstdcxx-debug --enable-objc-gc --enable-mpfr --enable-cld --with-tune=generic --enable-checking=release --build=x86_64-linux-gnu --host=x86_64-linux-gnu --target=x86_64-linux-gnu
Thread model: posix
gcc version 4.3.3 (Debian 4.3.3-3) 
configure:3534: $? = 0
configure:3541: g++ -V >&5
g++: '-V' option must have argument
configure:3544: $? = 1
configure:3547: checking whether we are using the GNU C++ compiler
configure:3576: g++ -c   conftest.cpp >&5
configure:3582: $? = 0
configure:3599: result: yes
configure:3604: checking whether g++ accepts -g
configure:3634: g++ -c -g  conftest.cpp >&5
configure:3640: $? = 0
configure:3739: result: yes
configure:3764: checking dependency style of g++
configure:3855: result: gcc3
configure:3883: checking for a BSD-compatible install
configure:3939: result: /usr/bin/install -c
configure:3950: checking whether ln -s works
configure:3954: result: yes
configure:3964: checking for main in -lrt
configure:3993: gcc -o conftest -g -O2   conftest.c -lrt   >&5
configure:3999: $? = 0
configure:4017: result: yes
configure:4033: checking for _init in -lgtkmm-2.4
configure:4068: gcc -o conftest -g -O2   conftest.c -lgtkmm-2.4  -lrt  >&5
configure:4074: $? = 0
configure:4092: result: yes
configure:4108: checking for main in -lsigc-2.0
configure:4137: gcc -o conftest -g -O2   conftest.c -lsigc-2.0  -lgtkmm-2.4 -lrt  >&5
configure:4143: $? = 0
configure:4161: result: yes
configure:4177: checking for snd_pcm_open in -lasound
configure:4212: gcc -o conftest -g -O2   conftest.c -lasound  -lsigc-2.0 -lgtkmm-2.4 -lrt  >&5
configure:4218: $? = 0
configure:4236: result: yes
configure:4257: checking how to run the C preprocessor
configure:4297: gcc -E  conftest.c
configure:4303: $? = 0
configure:4334: gcc -E  conftest.c
conftest.c:15:28: error: ac_nonexistent.h: No such file or directory
configure:4340: $? = 1
configure: failed program was:
| /* confdefs.h.  */
| #define PACKAGE_NAME "seq24"
| #define PACKAGE_TARNAME "seq24"
| #define PACKAGE_VERSION "0.9.0"
| #define PACKAGE_STRING "seq24 0.9.0"
| #define PACKAGE_BUGREPORT "seq24-devel@lists.sourceforge.net"
| #define PACKAGE "seq24"
| #define VERSION "0.9.0"
| #define _GNU_SOURCE 1
| #define HAVE_LIBRT 1
| #define HAVE_LIBGTKMM_2_4 1
| #define HAVE_LIBSIGC_2_0 1
| #define HAVE_LIBASOUND 1
| /* end confdefs.h.  */
| #include <ac_nonexistent.h>
configure:4373: result: gcc -E
configure:4402: gcc -E  conftest.c
configure:4408: $? = 0
configure:4439: gcc -E  conftest.c
conftest.c:15:28: error: ac_nonexistent.h: No such file or directory
configure:4445: $? = 1
configure: failed program was:
| /* confdefs.h.  */
| #define PACKAGE_NAME "seq24"
| #define PACKAGE_TARNAME "seq24"
| #define PACKAGE_VERSION "0.9.0"
| #define PACKAGE_STRING "seq24 0.9.0"
| #define PACKAGE_BUGREPORT "seq24-devel@lists.sourceforge.net"
| #define PACKAGE "seq24"
| #define VERSION "0.9.0"
| #define _GNU_SOURCE 1
| #define HAVE_LIBRT 1
| #define HAVE_LIBGTKMM_2_4 1
| #define HAVE_LIBSIGC_2_0 1
| #define HAVE_LIBASOUND 1
| /* end confdefs.h.  */
| #include <ac_nonexistent.h>
configure:4483: checking for grep that handles long lines and -e
configure:4557: result: /bin/grep
configure:4562: checking for egrep
configure:4640: result: /bin/grep -E
configure:4645: checking for ANSI C header files
configure:4675: gcc -c -g -O2  conftest.c >&5
configure:4681: $? = 0
configure:4780: gcc -o conftest -g -O2   conftest.c -lasound -lsigc-2.0 -lgtkmm-2.4 -lrt  >&5
configure:4783: $? = 0
configure:4789: ./conftest
configure:4792: $? = 0
configure:4809: result: yes
configure:4833: checking for sys/types.h
configure:4854: gcc -c -g -O2  conftest.c >&5
configure:4860: $? = 0
configure:4876: result: yes
configure:4833: checking for sys/stat.h
configure:4854: gcc -c -g -O2  conftest.c >&5
configure:4860: $? = 0
configure:4876: result: yes
configure:4833: checking for stdlib.h
configure:4854: gcc -c -g -O2  conftest.c >&5
configure:4860: $? = 0
configure:4876: result: yes
configure:4833: checking for string.h
configure:4854: gcc -c -g -O2  conftest.c >&5
configure:4860: $? = 0
configure:4876: result: yes
configure:4833: checking for memory.h
configure:4854: gcc -c -g -O2  conftest.c >&5
configure:4860: $? = 0
configure:4876: result: yes
configure:4833: checking for strings.h
configure:4854: gcc -c -g -O2  conftest.c >&5
configure:4860: $? = 0
configure:4876: result: yes
configure:4833: checking for inttypes.h
configure:4854: gcc -c -g -O2  conftest.c >&5
configure:4860: $? = 0
configure:4876: result: yes
configure:4833: checking for stdint.h
configure:4854: gcc -c -g -O2  conftest.c >&5
configure:4860: $? = 0
configure:4876: result: yes
configure:4833: checking for unistd.h
configure:4854: gcc -c -g -O2  conftest.c >&5
configure:4860: $? = 0
configure:4876: result: yes
configure:4893: checking for unistd.h
configure:4899: result: yes
configure:5034: checking for an ANSI C-conforming const
configure:5109: gcc -c -g -O2  conftest.c >&5
configure:5115: $? = 0
configure:5130: result: yes
configure:5145: checking for select
configure:5201: gcc -o conftest -g -O2   conftest.c -lasound -lsigc-2.0 -lgtkmm-2.4 -lrt  >&5
configure:5207: $? = 0
configure:5225: result: yes
configure:5267: checking for ALSA CFLAGS
configure:5273: result: 
configure:5277: checking for ALSA LDFLAGS
configure:5286: result:  -lasound -lm -ldl -lpthread
configure:5290: checking for libasound headers version >= 0.9.0
configure:5362: gcc -c -g -O2  conftest.c >&5
configure:5368: $? = 0
configure:5373: result: found.
configure:5398: checking for snd_ctl_open in -lasound
configure:5433: gcc -o conftest -g -O2   conftest.c -lasound   -lasound -lm -ldl -lpthread -lasound -lsigc-2.0 -lgtkmm-2.4 -lrt  >&5
configure:5439: $? = 0
configure:5457: result: yes
configure:5542: checking for pkg-config
configure:5560: found /usr/bin/pkg-config
configure:5572: result: /usr/bin/pkg-config
configure:5601: checking pkg-config is at least version 0.9.0
configure:5604: result: yes
configure:5615: checking for GTKMM
configure:5623: $PKG_CONFIG --exists --print-errors "gtkmm-2.4 >= 2.4.0"
configure:5626: $? = 0
configure:5641: $PKG_CONFIG --exists --print-errors "gtkmm-2.4 >= 2.4.0"
configure:5644: $? = 0
configure:5720: result: yes
configure:5740: checking for JACK
configure:5748: $PKG_CONFIG --exists --print-errors "jack >= 0.90.0"
configure:5751: $? = 0
configure:5766: $PKG_CONFIG --exists --print-errors "jack >= 0.90.0"
configure:5769: $? = 0
configure:5805: result: yes
configure:5839: checking for LASH
configure:5847: $PKG_CONFIG --exists --print-errors "lash-1.0 >= 0.5.0"
Package lash-1.0 was not found in the pkg-config search path.
Perhaps you should add the directory containing `lash-1.0.pc'
to the PKG_CONFIG_PATH environment variable
No package 'lash-1.0' found
configure:5850: $? = 1
configure:5865: $PKG_CONFIG --exists --print-errors "lash-1.0 >= 0.5.0"
Package lash-1.0 was not found in the pkg-config search path.
Perhaps you should add the directory containing `lash-1.0.pc'
to the PKG_CONFIG_PATH environment variable
No package 'lash-1.0' found
configure:5868: $? = 1
No package 'lash-1.0' found
configure:5896: result: no
configure:5917: WARNING:  *** LASH not found, session support will not be built.
configure:6049: creating ./config.status

## ---------------------- ##
## Running config.status. ##
## ---------------------- ##

This file was extended by seq24 config.status 0.9.0, which was
generated by GNU Autoconf 2.61.  Invocation command line was

  CONFIG_FILES    = 
  CONFIG_HEADERS  = 
  CONFIG_LINKS    = 
  CONFIG_COMMANDS = 
  $ ./config.status 

on SCstage

config.status:651: creating Makefile
config.status:651: creating man/Makefile
config.status:651: creating src/Makefile
config.status:651: creating src/config.h
config.status:932: executing depfiles commands

## ---------------- ##
## Cache variables. ##
## ---------------- ##

ac_cv_c_compiler_gnu=yes
ac_cv_c_const=yes
ac_cv_cxx_compiler_gnu=yes
ac_cv_env_CCC_set=
ac_cv_env_CCC_value=
ac_cv_env_CC_set=
ac_cv_env_CC_value=
ac_cv_env_CFLAGS_set=
ac_cv_env_CFLAGS_value=
ac_cv_env_CPPFLAGS_set=
ac_cv_env_CPPFLAGS_value=
ac_cv_env_CPP_set=
ac_cv_env_CPP_value=
ac_cv_env_CXXFLAGS_set=
ac_cv_env_CXXFLAGS_value=
ac_cv_env_CXX_set=
ac_cv_env_CXX_value=
ac_cv_env_GTKMM_CFLAGS_set=
ac_cv_env_GTKMM_CFLAGS_value=
ac_cv_env_GTKMM_LIBS_set=
ac_cv_env_GTKMM_LIBS_value=
ac_cv_env_JACK_CFLAGS_set=
ac_cv_env_JACK_CFLAGS_value=
ac_cv_env_JACK_LIBS_set=
ac_cv_env_JACK_LIBS_value=
ac_cv_env_LASH_CFLAGS_set=
ac_cv_env_LASH_CFLAGS_value=
ac_cv_env_LASH_LIBS_set=
ac_cv_env_LASH_LIBS_value=
ac_cv_env_LDFLAGS_set=
ac_cv_env_LDFLAGS_value=
ac_cv_env_LIBS_set=
ac_cv_env_LIBS_value=
ac_cv_env_PKG_CONFIG_set=
ac_cv_env_PKG_CONFIG_value=
ac_cv_env_build_alias_set=
ac_cv_env_build_alias_value=
ac_cv_env_host_alias_set=
ac_cv_env_host_alias_value=
ac_cv_env_target_alias_set=
ac_cv_env_target_alias_value=
ac_cv_func_select=yes
ac_cv_header_inttypes_h=yes
ac_cv_header_memory_h=yes
ac_cv_header_stdc=yes
ac_cv_header_stdint_h=yes
ac_cv_header_stdlib_h=yes
ac_cv_header_string_h=yes
ac_cv_header_strings_h=yes
ac_cv_header_sys_stat_h=yes
ac_cv_header_sys_types_h=yes
ac_cv_header_unistd_h=yes
ac_cv_lib_asound_snd_ctl_open=yes
ac_cv_lib_asound_snd_pcm_open=yes
ac_cv_lib_gtkmm_2_4__init=yes
ac_cv_lib_rt_main=yes
ac_cv_lib_sigc_2_0_main=yes
ac_cv_objext=o
ac_cv_path_EGREP='/bin/grep -E'
ac_cv_path_GREP=/bin/grep
ac_cv_path_ac_pt_PKG_CONFIG=/usr/bin/pkg-config
ac_cv_path_install='/usr/bin/install -c'
ac_cv_path_mkdir=/bin/mkdir
ac_cv_prog_AWK=gawk
ac_cv_prog_CPP='gcc -E'
ac_cv_prog_ac_ct_CC=gcc
ac_cv_prog_ac_ct_CXX=g++
ac_cv_prog_cc_c89=
ac_cv_prog_cc_g=yes
ac_cv_prog_cxx_g=yes
ac_cv_prog_make_make_set=yes
am_cv_CC_dependencies_compiler_type=gcc3
am_cv_CXX_dependencies_compiler_type=gcc3
pkg_cv_GTKMM_CFLAGS='-D_REENTRANT -I/usr/include/gtkmm-2.4 -I/usr/lib/gtkmm-2.4/include -I/usr/include/glibmm-2.4 -I/usr/lib/glibmm-2.4/include -I/usr/include/giomm-2.4 -I/usr/lib/giomm-2.4/include -I/usr/include/gdkmm-2.4 -I/usr/lib/gdkmm-2.4/include -I/usr/include/pangomm-1.4 -I/usr/include/atkmm-1.6 -I/usr/include/gtk-2.0 -I/usr/include/sigc++-2.0 -I/usr/lib/sigc++-2.0/include -I/usr/include/glib-2.0 -I/usr/lib/glib-2.0/include -I/usr/lib/gtk-2.0/include -I/usr/include/cairomm-1.0 -I/usr/include/pango-1.0 -I/usr/include/cairo -I/usr/include/pixman-1 -I/usr/include/freetype2 -I/usr/include/directfb -I/usr/include/libpng12 -I/usr/include/atk-1.0  '
pkg_cv_GTKMM_LIBS='-lgtkmm-2.4 -lgiomm-2.4 -lgdkmm-2.4 -latkmm-1.6 -lgtk-x11-2.0 -lpangomm-1.4 -lcairomm-1.0 -lglibmm-2.4 -lsigc-2.0 -lgdk-x11-2.0 -latk-1.0 -lpangoft2-1.0 -lgdk_pixbuf-2.0 -lm -lpangocairo-1.0 -lgio-2.0 -lcairo -lpango-1.0 -lfreetype -lfontconfig -lgobject-2.0 -lgmodule-2.0 -lglib-2.0  '
pkg_cv_JACK_CFLAGS=' '
pkg_cv_JACK_LIBS='-L/usr/lib64 -ljack -lpthread -lrt  '

## ----------------- ##
## Output variables. ##
## ----------------- ##

ACLOCAL='${SHELL} /home/woii/Desktop/seq24-0.9.0/missing --run aclocal-1.10'
ALSA_CFLAGS=''
ALSA_LIBS=' -lasound -lm -ldl -lpthread'
AMDEPBACKSLASH='\'
AMDEP_FALSE='#'
AMDEP_TRUE=''
AMTAR='${SHELL} /home/woii/Desktop/seq24-0.9.0/missing --run tar'
AUTOCONF='${SHELL} /home/woii/Desktop/seq24-0.9.0/missing --run autoconf'
AUTOHEADER='${SHELL} /home/woii/Desktop/seq24-0.9.0/missing --run autoheader'
AUTOMAKE='${SHELL} /home/woii/Desktop/seq24-0.9.0/missing --run automake-1.10'
AWK='gawk'
CC='gcc'
CCDEPMODE='depmode=gcc3'
CFLAGS='-g -O2'
CPP='gcc -E'
CPPFLAGS=''
CXX='g++'
CXXDEPMODE='depmode=gcc3'
CXXFLAGS='-g -O2'
CYGPATH_W='echo'
DEFS='-DHAVE_CONFIG_H'
DEPDIR='.deps'
ECHO_C=''
ECHO_N='-n'
ECHO_T=''
EGREP='/bin/grep -E'
EXEEXT=''
GREP='/bin/grep'
GTKMM_CFLAGS='-D_REENTRANT -I/usr/include/gtkmm-2.4 -I/usr/lib/gtkmm-2.4/include -I/usr/include/glibmm-2.4 -I/usr/lib/glibmm-2.4/include -I/usr/include/giomm-2.4 -I/usr/lib/giomm-2.4/include -I/usr/include/gdkmm-2.4 -I/usr/lib/gdkmm-2.4/include -I/usr/include/pangomm-1.4 -I/usr/include/atkmm-1.6 -I/usr/include/gtk-2.0 -I/usr/include/sigc++-2.0 -I/usr/lib/sigc++-2.0/include -I/usr/include/glib-2.0 -I/usr/lib/glib-2.0/include -I/usr/lib/gtk-2.0/include -I/usr/include/cairomm-1.0 -I/usr/include/pango-1.0 -I/usr/include/cairo -I/usr/include/pixman-1 -I/usr/include/freetype2 -I/usr/include/directfb -I/usr/include/libpng12 -I/usr/include/atk-1.0  '
GTKMM_LIBS='-lgtkmm-2.4 -lgiomm-2.4 -lgdkmm-2.4 -latkmm-1.6 -lgtk-x11-2.0 -lpangomm-1.4 -lcairomm-1.0 -lglibmm-2.4 -lsigc-2.0 -lgdk-x11-2.0 -latk-1.0 -lpangoft2-1.0 -lgdk_pixbuf-2.0 -lm -lpangocairo-1.0 -lgio-2.0 -lcairo -lpango-1.0 -lfreetype -lfontconfig -lgobject-2.0 -lgmodule-2.0 -lglib-2.0  '
INSTALL_DATA='${INSTALL} -m 644'
INSTALL_PROGRAM='${INSTALL}'
INSTALL_SCRIPT='${INSTALL}'
INSTALL_STRIP_PROGRAM='$(install_sh) -c -s'
JACK_CFLAGS=' '
JACK_LIBS='-L/usr/lib64 -ljack -lpthread -lrt  '
LASH_CFLAGS=''
LASH_LIBS=''
LDFLAGS=''
LIBOBJS=''
LIBS='-lasound -lsigc-2.0 -lgtkmm-2.4 -lrt '
LN_S='ln -s'
LTLIBOBJS=''
MAKEINFO='${SHELL} /home/woii/Desktop/seq24-0.9.0/missing --run makeinfo'
OBJEXT='o'
PACKAGE='seq24'
PACKAGE_BUGREPORT='seq24-devel@lists.sourceforge.net'
PACKAGE_NAME='seq24'
PACKAGE_STRING='seq24 0.9.0'
PACKAGE_TARNAME='seq24'
PACKAGE_VERSION='0.9.0'
PATH_SEPARATOR=':'
PKG_CONFIG='/usr/bin/pkg-config'
SET_MAKE=''
SHELL='/bin/sh'
STRIP=''
VERSION='0.9.0'
ac_ct_CC='gcc'
ac_ct_CXX='g++'
am__fastdepCC_FALSE='#'
am__fastdepCC_TRUE=''
am__fastdepCXX_FALSE='#'
am__fastdepCXX_TRUE=''
am__include='include'
am__isrc=''
am__leading_dot='.'
am__quote=''
am__tar='${AMTAR} chof - "$$tardir"'
am__untar='${AMTAR} xf -'
bindir='${exec_prefix}/bin'
build_alias=''
datadir='${datarootdir}'
datarootdir='${prefix}/share'
docdir='${datarootdir}/doc/${PACKAGE_TARNAME}'
dvidir='${docdir}'
exec_prefix='${prefix}'
host_alias=''
htmldir='${docdir}'
includedir='${prefix}/include'
infodir='${datarootdir}/info'
install_sh='$(SHELL) /home/woii/Desktop/seq24-0.9.0/install-sh'
libdir='${exec_prefix}/lib'
libexecdir='${exec_prefix}/libexec'
localedir='${datarootdir}/locale'
localstatedir='${prefix}/var'
mandir='${datarootdir}/man'
mkdir_p='/bin/mkdir -p'
oldincludedir='/usr/include'
pdfdir='${docdir}'
prefix='/usr/local'
program_transform_name='s,x,x,'
psdir='${docdir}'
sbindir='${exec_prefix}/sbin'
sharedstatedir='${prefix}/com'
sysconfdir='${prefix}/etc'
target_alias=''

## ----------- ##
## confdefs.h. ##
## ----------- ##

#define PACKAGE_NAME "seq24"
#define PACKAGE_TARNAME "seq24"
#define PACKAGE_VERSION "0.9.0"
#define PACKAGE_STRING "seq24 0.9.0"
#define PACKAGE_BUGREPORT "seq24-devel@lists.sourceforge.net"
#define PACKAGE "seq24"
#define VERSION "0.9.0"
#define _GNU_SOURCE 1
#define HAVE_LIBRT 1
#define HAVE_LIBGTKMM_2_4 1
#define HAVE_LIBSIGC_2_0 1
#define HAVE_LIBASOUND 1
#define STDC_HEADERS 1
#define HAVE_SYS_TYPES_H 1
#define HAVE_SYS_STAT_H 1
#define HAVE_STDLIB_H 1
#define HAVE_STRING_H 1
#define HAVE_MEMORY_H 1
#define HAVE_STRINGS_H 1
#define HAVE_INTTYPES_H 1
#define HAVE_STDINT_H 1
#define HAVE_UNISTD_H 1
#define HAVE_UNISTD_H 1
#define HAVE_SELECT 1
#define HAVE_LIBASOUND 1
#define JACK_SUPPORT 1

configure: exit 0
